mode: set
github.com/DoPlan-dev/CLI/internal/config/cache.go:25.38,34.2 1 1
github.com/DoPlan-dev/CLI/internal/config/cache.go:37.52,41.32 3 1
github.com/DoPlan-dev/CLI/internal/config/cache.go:41.32,43.3 1 1
github.com/DoPlan-dev/CLI/internal/config/cache.go:45.2,45.63 1 1
github.com/DoPlan-dev/CLI/internal/config/cache.go:45.63,47.3 1 0
github.com/DoPlan-dev/CLI/internal/config/cache.go:49.2,49.28 1 1
github.com/DoPlan-dev/CLI/internal/config/cache.go:53.58,59.2 4 1
github.com/DoPlan-dev/CLI/internal/config/cache.go:62.44,68.2 4 1
github.com/DoPlan-dev/CLI/internal/config/cache.go:71.50,75.31 3 1
github.com/DoPlan-dev/CLI/internal/config/cache.go:75.31,77.3 1 1
github.com/DoPlan-dev/CLI/internal/config/cache.go:79.2,79.61 1 1
github.com/DoPlan-dev/CLI/internal/config/cache.go:79.61,81.3 1 0
github.com/DoPlan-dev/CLI/internal/config/cache.go:83.2,83.27 1 1
github.com/DoPlan-dev/CLI/internal/config/cache.go:87.55,93.2 4 1
github.com/DoPlan-dev/CLI/internal/config/cache.go:96.43,102.2 4 1
github.com/DoPlan-dev/CLI/internal/config/cache.go:105.41,108.2 2 1
github.com/DoPlan-dev/CLI/internal/config/manager.go:20.46,25.2 1 1
github.com/DoPlan-dev/CLI/internal/config/manager.go:28.43,50.2 1 1
github.com/DoPlan-dev/CLI/internal/config/manager.go:53.56,57.68 2 1
github.com/DoPlan-dev/CLI/internal/config/manager.go:57.68,59.3 1 1
github.com/DoPlan-dev/CLI/internal/config/manager.go:61.2,62.16 2 1
github.com/DoPlan-dev/CLI/internal/config/manager.go:62.16,64.3 1 0
github.com/DoPlan-dev/CLI/internal/config/manager.go:66.2,66.61 1 1
github.com/DoPlan-dev/CLI/internal/config/manager.go:66.61,68.3 1 0
github.com/DoPlan-dev/CLI/internal/config/manager.go:71.2,73.12 2 1
github.com/DoPlan-dev/CLI/internal/config/manager.go:77.56,79.50 1 1
github.com/DoPlan-dev/CLI/internal/config/manager.go:79.50,81.3 1 1
github.com/DoPlan-dev/CLI/internal/config/manager.go:83.2,86.16 3 1
github.com/DoPlan-dev/CLI/internal/config/manager.go:86.16,87.25 1 1
github.com/DoPlan-dev/CLI/internal/config/manager.go:87.25,89.4 1 1
github.com/DoPlan-dev/CLI/internal/config/manager.go:90.3,90.59 1 0
github.com/DoPlan-dev/CLI/internal/config/manager.go:93.2,94.51 2 1
github.com/DoPlan-dev/CLI/internal/config/manager.go:94.51,96.3 1 1
github.com/DoPlan-dev/CLI/internal/config/manager.go:99.2,101.18 2 1
github.com/DoPlan-dev/CLI/internal/config/manager.go:105.56,109.67 2 1
github.com/DoPlan-dev/CLI/internal/config/manager.go:109.67,111.3 1 1
github.com/DoPlan-dev/CLI/internal/config/manager.go:113.2,114.16 2 1
github.com/DoPlan-dev/CLI/internal/config/manager.go:114.16,116.3 1 0
github.com/DoPlan-dev/CLI/internal/config/manager.go:118.2,118.60 1 1
github.com/DoPlan-dev/CLI/internal/config/manager.go:118.60,120.3 1 0
github.com/DoPlan-dev/CLI/internal/config/manager.go:123.2,125.12 2 1
github.com/DoPlan-dev/CLI/internal/config/manager.go:129.54,131.49 1 1
github.com/DoPlan-dev/CLI/internal/config/manager.go:131.49,133.3 1 1
github.com/DoPlan-dev/CLI/internal/config/manager.go:135.2,138.16 3 1
github.com/DoPlan-dev/CLI/internal/config/manager.go:138.16,139.25 1 1
github.com/DoPlan-dev/CLI/internal/config/manager.go:139.25,149.4 3 1
github.com/DoPlan-dev/CLI/internal/config/manager.go:150.3,150.58 1 0
github.com/DoPlan-dev/CLI/internal/config/manager.go:153.2,154.53 2 1
github.com/DoPlan-dev/CLI/internal/config/manager.go:154.53,156.3 1 1
github.com/DoPlan-dev/CLI/internal/config/manager.go:159.2,161.20 2 0
github.com/DoPlan-dev/CLI/internal/config/manager.go:165.43,169.2 3 1
