mode: set
github.com/DoPlan-dev/CLI/internal/validator/validator.go:30.50,35.2 1 1
github.com/DoPlan-dev/CLI/internal/validator/validator.go:38.49,54.2 6 1
github.com/DoPlan-dev/CLI/internal/validator/validator.go:56.44,59.55 2 1
github.com/DoPlan-dev/CLI/internal/validator/validator.go:59.55,61.3 1 1
github.com/DoPlan-dev/CLI/internal/validator/validator.go:64.2,65.54 2 1
github.com/DoPlan-dev/CLI/internal/validator/validator.go:65.54,67.3 1 1
github.com/DoPlan-dev/CLI/internal/validator/validator.go:70.41,74.54 2 1
github.com/DoPlan-dev/CLI/internal/validator/validator.go:74.54,77.3 2 1
github.com/DoPlan-dev/CLI/internal/validator/validator.go:80.2,80.29 1 1
github.com/DoPlan-dev/CLI/internal/validator/validator.go:83.54,85.16 2 1
github.com/DoPlan-dev/CLI/internal/validator/validator.go:85.16,87.3 1 0
github.com/DoPlan-dev/CLI/internal/validator/validator.go:89.2,89.32 1 1
github.com/DoPlan-dev/CLI/internal/validator/validator.go:89.32,90.21 1 1
github.com/DoPlan-dev/CLI/internal/validator/validator.go:90.21,91.12 1 0
github.com/DoPlan-dev/CLI/internal/validator/validator.go:94.3,94.49 1 1
github.com/DoPlan-dev/CLI/internal/validator/validator.go:94.49,95.12 1 1
github.com/DoPlan-dev/CLI/internal/validator/validator.go:98.3,102.54 3 1
github.com/DoPlan-dev/CLI/internal/validator/validator.go:102.54,104.4 1 1
github.com/DoPlan-dev/CLI/internal/validator/validator.go:107.3,108.58 2 1
github.com/DoPlan-dev/CLI/internal/validator/validator.go:108.58,110.4 1 1
github.com/DoPlan-dev/CLI/internal/validator/validator.go:113.3,113.31 1 1
github.com/DoPlan-dev/CLI/internal/validator/validator.go:117.55,119.16 2 1
github.com/DoPlan-dev/CLI/internal/validator/validator.go:119.16,121.3 1 0
github.com/DoPlan-dev/CLI/internal/validator/validator.go:123.2,123.32 1 1
github.com/DoPlan-dev/CLI/internal/validator/validator.go:123.32,124.21 1 1
github.com/DoPlan-dev/CLI/internal/validator/validator.go:124.21,125.12 1 1
github.com/DoPlan-dev/CLI/internal/validator/validator.go:128.3,128.49 1 1
github.com/DoPlan-dev/CLI/internal/validator/validator.go:128.49,129.12 1 0
github.com/DoPlan-dev/CLI/internal/validator/validator.go:132.3,136.38 3 1
github.com/DoPlan-dev/CLI/internal/validator/validator.go:136.38,138.55 2 1
github.com/DoPlan-dev/CLI/internal/validator/validator.go:138.55,140.5 1 1
github.com/DoPlan-dev/CLI/internal/validator/validator.go:145.48,148.16 3 1
github.com/DoPlan-dev/CLI/internal/validator/validator.go:148.16,151.3 2 0
github.com/DoPlan-dev/CLI/internal/validator/validator.go:154.2,155.37 2 1
github.com/DoPlan-dev/CLI/internal/validator/validator.go:155.37,157.54 2 1
github.com/DoPlan-dev/CLI/internal/validator/validator.go:157.54,159.4 1 1
github.com/DoPlan-dev/CLI/internal/validator/validator.go:163.38,166.30 3 1
github.com/DoPlan-dev/CLI/internal/validator/validator.go:166.30,168.3 1 1
github.com/DoPlan-dev/CLI/internal/validator/validator.go:170.2,170.25 1 1
github.com/DoPlan-dev/CLI/internal/validator/validator.go:170.25,172.3 1 1
github.com/DoPlan-dev/CLI/internal/validator/validator.go:175.2,175.31 1 1
github.com/DoPlan-dev/CLI/internal/validator/validator.go:175.31,177.3 1 0
github.com/DoPlan-dev/CLI/internal/validator/validator.go:180.2,181.51 2 1
github.com/DoPlan-dev/CLI/internal/validator/validator.go:181.51,183.3 1 1
github.com/DoPlan-dev/CLI/internal/validator/validator.go:186.75,194.2 1 1
github.com/DoPlan-dev/CLI/internal/validator/validator.go:196.42,199.2 2 1
github.com/DoPlan-dev/CLI/internal/validator/validator.go:202.51,204.31 2 1
github.com/DoPlan-dev/CLI/internal/validator/validator.go:204.31,205.29 1 1
github.com/DoPlan-dev/CLI/internal/validator/validator.go:205.29,206.44 1 1
github.com/DoPlan-dev/CLI/internal/validator/validator.go:206.44,208.5 1 0
github.com/DoPlan-dev/CLI/internal/validator/validator.go:208.10,211.5 2 1
github.com/DoPlan-dev/CLI/internal/validator/validator.go:215.2,215.15 1 1
github.com/DoPlan-dev/CLI/internal/validator/validator.go:215.15,217.3 1 1
github.com/DoPlan-dev/CLI/internal/validator/validator.go:219.2,219.12 1 1
github.com/DoPlan-dev/CLI/internal/validator/validator.go:222.49,223.20 1 1
github.com/DoPlan-dev/CLI/internal/validator/validator.go:224.27,225.39 1 1
github.com/DoPlan-dev/CLI/internal/validator/validator.go:226.22,228.45 1 1
github.com/DoPlan-dev/CLI/internal/validator/validator.go:228.45,230.4 1 1
github.com/DoPlan-dev/CLI/internal/validator/validator.go:231.3,231.52 1 0
github.com/DoPlan-dev/CLI/internal/validator/validator.go:233.2,233.65 1 1
