mode: set
github.com/DoPlan-dev/CLI/internal/github/auto_pr.go:21.55,29.2 3 1
github.com/DoPlan-dev/CLI/internal/github/auto_pr.go:32.76,33.63 1 1
github.com/DoPlan-dev/CLI/internal/github/auto_pr.go:33.63,35.3 1 1
github.com/DoPlan-dev/CLI/internal/github/auto_pr.go:37.2,37.47 1 1
github.com/DoPlan-dev/CLI/internal/github/auto_pr.go:37.47,39.3 1 1
github.com/DoPlan-dev/CLI/internal/github/auto_pr.go:42.2,43.16 2 0
github.com/DoPlan-dev/CLI/internal/github/auto_pr.go:43.16,45.3 1 0
github.com/DoPlan-dev/CLI/internal/github/auto_pr.go:47.2,47.17 1 0
github.com/DoPlan-dev/CLI/internal/github/auto_pr.go:47.17,49.3 1 0
github.com/DoPlan-dev/CLI/internal/github/auto_pr.go:52.2,52.41 1 0
github.com/DoPlan-dev/CLI/internal/github/auto_pr.go:55.85,57.28 1 1
github.com/DoPlan-dev/CLI/internal/github/auto_pr.go:57.28,59.3 1 1
github.com/DoPlan-dev/CLI/internal/github/auto_pr.go:62.2,62.34 1 1
github.com/DoPlan-dev/CLI/internal/github/auto_pr.go:62.34,64.3 1 1
github.com/DoPlan-dev/CLI/internal/github/auto_pr.go:67.2,70.54 3 1
github.com/DoPlan-dev/CLI/internal/github/auto_pr.go:70.54,72.3 1 1
github.com/DoPlan-dev/CLI/internal/github/auto_pr.go:74.2,75.16 2 1
github.com/DoPlan-dev/CLI/internal/github/auto_pr.go:75.16,77.3 1 0
github.com/DoPlan-dev/CLI/internal/github/auto_pr.go:79.2,83.29 4 1
github.com/DoPlan-dev/CLI/internal/github/auto_pr.go:83.29,84.36 1 1
github.com/DoPlan-dev/CLI/internal/github/auto_pr.go:84.36,86.74 2 1
github.com/DoPlan-dev/CLI/internal/github/auto_pr.go:86.74,88.5 1 1
github.com/DoPlan-dev/CLI/internal/github/auto_pr.go:92.2,92.60 1 1
github.com/DoPlan-dev/CLI/internal/github/auto_pr.go:95.78,96.26 1 1
github.com/DoPlan-dev/CLI/internal/github/auto_pr.go:96.26,98.3 1 1
github.com/DoPlan-dev/CLI/internal/github/auto_pr.go:100.2,120.16 8 0
github.com/DoPlan-dev/CLI/internal/github/auto_pr.go:120.16,122.3 1 0
github.com/DoPlan-dev/CLI/internal/github/auto_pr.go:124.2,136.16 5 0
github.com/DoPlan-dev/CLI/internal/github/auto_pr.go:136.16,138.33 1 0
github.com/DoPlan-dev/CLI/internal/github/auto_pr.go:138.33,139.42 1 0
github.com/DoPlan-dev/CLI/internal/github/auto_pr.go:139.42,142.10 3 0
github.com/DoPlan-dev/CLI/internal/github/auto_pr.go:147.2,147.12 1 0
github.com/DoPlan-dev/CLI/internal/github/auto_pr.go:151.69,153.32 2 0
github.com/DoPlan-dev/CLI/internal/github/auto_pr.go:153.32,156.56 2 0
github.com/DoPlan-dev/CLI/internal/github/auto_pr.go:156.56,158.12 2 0
github.com/DoPlan-dev/CLI/internal/github/auto_pr.go:161.3,161.48 1 0
github.com/DoPlan-dev/CLI/internal/github/auto_pr.go:161.48,163.4 1 0
github.com/DoPlan-dev/CLI/internal/github/auto_pr.go:166.2,166.17 1 0
github.com/DoPlan-dev/CLI/internal/github/auto_pr.go:166.17,168.3 1 0
github.com/DoPlan-dev/CLI/internal/github/auto_pr.go:170.2,170.12 1 0
github.com/DoPlan-dev/CLI/internal/github/branches.go:19.64,21.16 2 1
github.com/DoPlan-dev/CLI/internal/github/branches.go:21.16,23.3 1 1
github.com/DoPlan-dev/CLI/internal/github/branches.go:25.2,28.8 1 1
github.com/DoPlan-dev/CLI/internal/github/branches.go:32.72,40.25 5 1
github.com/DoPlan-dev/CLI/internal/github/branches.go:40.25,41.67 1 1
github.com/DoPlan-dev/CLI/internal/github/branches.go:41.67,43.4 1 1
github.com/DoPlan-dev/CLI/internal/github/branches.go:46.2,47.71 2 1
github.com/DoPlan-dev/CLI/internal/github/branches.go:51.71,54.16 2 1
github.com/DoPlan-dev/CLI/internal/github/branches.go:54.16,56.3 1 0
github.com/DoPlan-dev/CLI/internal/github/branches.go:58.2,58.61 1 1
github.com/DoPlan-dev/CLI/internal/github/branches.go:58.61,59.39 1 1
github.com/DoPlan-dev/CLI/internal/github/branches.go:59.39,61.4 1 1
github.com/DoPlan-dev/CLI/internal/github/branches.go:62.3,62.13 1 1
github.com/DoPlan-dev/CLI/internal/github/branches.go:64.2,64.16 1 1
github.com/DoPlan-dev/CLI/internal/github/branches.go:64.16,66.3 1 1
github.com/DoPlan-dev/CLI/internal/github/branches.go:69.2,70.16 2 1
github.com/DoPlan-dev/CLI/internal/github/branches.go:70.16,72.3 1 0
github.com/DoPlan-dev/CLI/internal/github/branches.go:75.2,78.57 3 1
github.com/DoPlan-dev/CLI/internal/github/branches.go:78.57,80.3 1 0
github.com/DoPlan-dev/CLI/internal/github/branches.go:83.2,85.34 3 1
github.com/DoPlan-dev/CLI/internal/github/branches.go:85.34,87.3 1 0
github.com/DoPlan-dev/CLI/internal/github/branches.go:89.2,89.12 1 1
github.com/DoPlan-dev/CLI/internal/github/branches.go:93.72,95.16 2 1
github.com/DoPlan-dev/CLI/internal/github/branches.go:95.16,97.3 1 0
github.com/DoPlan-dev/CLI/internal/github/branches.go:99.2,100.61 2 1
github.com/DoPlan-dev/CLI/internal/github/branches.go:100.61,101.39 1 1
github.com/DoPlan-dev/CLI/internal/github/branches.go:101.39,103.4 1 1
github.com/DoPlan-dev/CLI/internal/github/branches.go:104.3,104.13 1 1
github.com/DoPlan-dev/CLI/internal/github/branches.go:107.2,107.20 1 1
github.com/DoPlan-dev/CLI/internal/github/branches.go:111.61,113.16 2 1
github.com/DoPlan-dev/CLI/internal/github/branches.go:113.16,115.3 1 0
github.com/DoPlan-dev/CLI/internal/github/branches.go:117.2,117.36 1 1
github.com/DoPlan-dev/CLI/internal/github/commits.go:19.64,21.16 2 1
github.com/DoPlan-dev/CLI/internal/github/commits.go:21.16,23.3 1 0
github.com/DoPlan-dev/CLI/internal/github/commits.go:25.2,28.8 1 1
github.com/DoPlan-dev/CLI/internal/github/commits.go:32.76,34.16 2 1
github.com/DoPlan-dev/CLI/internal/github/commits.go:34.16,36.3 1 0
github.com/DoPlan-dev/CLI/internal/github/commits.go:39.2,39.29 1 1
github.com/DoPlan-dev/CLI/internal/github/commits.go:39.29,41.17 2 1
github.com/DoPlan-dev/CLI/internal/github/commits.go:41.17,43.4 1 0
github.com/DoPlan-dev/CLI/internal/github/commits.go:47.2,53.16 2 1
github.com/DoPlan-dev/CLI/internal/github/commits.go:53.16,55.3 1 0
github.com/DoPlan-dev/CLI/internal/github/commits.go:57.2,57.12 1 1
github.com/DoPlan-dev/CLI/internal/github/commits.go:61.62,66.16 4 0
github.com/DoPlan-dev/CLI/internal/github/commits.go:66.16,68.3 1 0
github.com/DoPlan-dev/CLI/internal/github/commits.go:70.2,70.12 1 0
github.com/DoPlan-dev/CLI/internal/github/commits.go:74.82,77.16 2 0
github.com/DoPlan-dev/CLI/internal/github/commits.go:77.16,79.3 1 0
github.com/DoPlan-dev/CLI/internal/github/commits.go:80.2,83.55 2 0
github.com/DoPlan-dev/CLI/internal/github/commits.go:83.55,85.3 1 0
github.com/DoPlan-dev/CLI/internal/github/commits.go:88.2,88.50 1 0
github.com/DoPlan-dev/CLI/internal/github/commits.go:88.50,90.3 1 0
github.com/DoPlan-dev/CLI/internal/github/commits.go:92.2,92.12 1 0
github.com/DoPlan-dev/CLI/internal/github/commits.go:96.72,99.22 2 1
github.com/DoPlan-dev/CLI/internal/github/commits.go:99.22,101.3 1 1
github.com/DoPlan-dev/CLI/internal/github/commits.go:103.2,103.17 1 1
github.com/DoPlan-dev/CLI/internal/github/commits.go:103.17,105.3 1 1
github.com/DoPlan-dev/CLI/internal/github/commits.go:107.2,107.20 1 1
github.com/DoPlan-dev/CLI/internal/github/commits.go:107.20,109.3 1 1
github.com/DoPlan-dev/CLI/internal/github/commits.go:111.2,111.23 1 1
github.com/DoPlan-dev/CLI/internal/github/commits.go:111.23,113.3 1 1
github.com/DoPlan-dev/CLI/internal/github/commits.go:115.2,115.33 1 1
github.com/DoPlan-dev/CLI/internal/github/pr.go:15.47,19.2 1 1
github.com/DoPlan-dev/CLI/internal/github/pr.go:22.101,33.16 4 1
github.com/DoPlan-dev/CLI/internal/github/pr.go:33.16,35.3 1 1
github.com/DoPlan-dev/CLI/internal/github/pr.go:38.2,40.29 3 0
github.com/DoPlan-dev/CLI/internal/github/pr.go:40.29,41.51 1 0
github.com/DoPlan-dev/CLI/internal/github/pr.go:41.51,43.4 1 0
github.com/DoPlan-dev/CLI/internal/github/pr.go:46.2,46.23 1 0
github.com/DoPlan-dev/CLI/internal/github/pr.go:50.81,57.20 5 1
github.com/DoPlan-dev/CLI/internal/github/pr.go:57.20,59.3 1 1
github.com/DoPlan-dev/CLI/internal/github/pr.go:60.2,60.22 1 1
github.com/DoPlan-dev/CLI/internal/github/pr.go:60.22,62.3 1 1
github.com/DoPlan-dev/CLI/internal/github/pr.go:63.2,63.21 1 1
github.com/DoPlan-dev/CLI/internal/github/pr.go:63.21,65.3 1 1
github.com/DoPlan-dev/CLI/internal/github/pr.go:67.2,73.22 6 1
github.com/DoPlan-dev/CLI/internal/github/pr.go:77.61,81.2 1 1
github.com/DoPlan-dev/CLI/internal/github/sync.go:29.49,36.2 1 1
github.com/DoPlan-dev/CLI/internal/github/sync.go:39.58,42.75 2 1
github.com/DoPlan-dev/CLI/internal/github/sync.go:42.75,46.3 3 0
github.com/DoPlan-dev/CLI/internal/github/sync.go:47.2,61.12 5 1
github.com/DoPlan-dev/CLI/internal/github/sync.go:61.12,64.17 3 1
github.com/DoPlan-dev/CLI/internal/github/sync.go:64.17,66.4 1 1
github.com/DoPlan-dev/CLI/internal/github/sync.go:70.2,71.12 2 1
github.com/DoPlan-dev/CLI/internal/github/sync.go:71.12,74.17 3 1
github.com/DoPlan-dev/CLI/internal/github/sync.go:74.17,76.4 1 1
github.com/DoPlan-dev/CLI/internal/github/sync.go:80.2,81.12 2 1
github.com/DoPlan-dev/CLI/internal/github/sync.go:81.12,84.17 3 1
github.com/DoPlan-dev/CLI/internal/github/sync.go:84.17,86.4 1 1
github.com/DoPlan-dev/CLI/internal/github/sync.go:90.2,93.42 2 1
github.com/DoPlan-dev/CLI/internal/github/sync.go:93.42,95.3 1 0
github.com/DoPlan-dev/CLI/internal/github/sync.go:98.2,103.18 5 1
github.com/DoPlan-dev/CLI/internal/github/sync.go:106.64,111.16 4 1
github.com/DoPlan-dev/CLI/internal/github/sync.go:111.16,113.3 1 0
github.com/DoPlan-dev/CLI/internal/github/sync.go:115.2,118.29 3 1
github.com/DoPlan-dev/CLI/internal/github/sync.go:118.29,120.51 2 1
github.com/DoPlan-dev/CLI/internal/github/sync.go:120.51,121.12 1 1
github.com/DoPlan-dev/CLI/internal/github/sync.go:125.3,133.38 3 0
github.com/DoPlan-dev/CLI/internal/github/sync.go:136.2,136.22 1 1
github.com/DoPlan-dev/CLI/internal/github/sync.go:139.63,144.16 4 1
github.com/DoPlan-dev/CLI/internal/github/sync.go:144.16,146.3 1 0
github.com/DoPlan-dev/CLI/internal/github/sync.go:148.2,151.29 3 1
github.com/DoPlan-dev/CLI/internal/github/sync.go:151.29,153.21 2 1
github.com/DoPlan-dev/CLI/internal/github/sync.go:153.21,154.12 1 0
github.com/DoPlan-dev/CLI/internal/github/sync.go:157.3,164.36 2 1
github.com/DoPlan-dev/CLI/internal/github/sync.go:167.2,167.21 1 1
github.com/DoPlan-dev/CLI/internal/github/sync.go:170.64,176.16 4 1
github.com/DoPlan-dev/CLI/internal/github/sync.go:176.16,179.3 1 1
github.com/DoPlan-dev/CLI/internal/github/sync.go:181.2,191.55 3 0
github.com/DoPlan-dev/CLI/internal/github/sync.go:191.55,193.3 1 0
github.com/DoPlan-dev/CLI/internal/github/sync.go:195.2,195.29 1 0
github.com/DoPlan-dev/CLI/internal/github/sync.go:195.29,203.3 2 0
github.com/DoPlan-dev/CLI/internal/github/sync.go:205.2,205.17 1 0
github.com/DoPlan-dev/CLI/internal/github/sync.go:208.63,212.66 2 1
github.com/DoPlan-dev/CLI/internal/github/sync.go:212.66,214.3 1 0
github.com/DoPlan-dev/CLI/internal/github/sync.go:216.2,217.16 2 1
github.com/DoPlan-dev/CLI/internal/github/sync.go:217.16,219.3 1 0
github.com/DoPlan-dev/CLI/internal/github/sync.go:221.2,221.47 1 1
github.com/DoPlan-dev/CLI/internal/github/sync.go:225.62,229.16 3 1
github.com/DoPlan-dev/CLI/internal/github/sync.go:229.16,230.25 1 1
github.com/DoPlan-dev/CLI/internal/github/sync.go:230.25,237.4 1 1
github.com/DoPlan-dev/CLI/internal/github/sync.go:238.3,238.18 1 0
github.com/DoPlan-dev/CLI/internal/github/sync.go:241.2,242.58 2 0
github.com/DoPlan-dev/CLI/internal/github/sync.go:242.58,244.3 1 0
github.com/DoPlan-dev/CLI/internal/github/sync.go:246.2,246.25 1 0
